#
# There is insufficient memory for the Java Runtime Environment to continue.
# Native memory allocation (malloc) failed to allocate 109576192 bytes for committing reserved memory.
# Possible reasons:
#   The system is out of physical RAM or swap space
#   In 32 bit mode, the process size limit was hit
# Possible solutions:
#   Reduce memory load on the system
#   Increase physical memory or swap space
#   Check if swap backing store is full
#   Use 64 bit Java on a 64 bit OS
#   Decrease Java heap size (-Xmx/-Xms)
#   Decrease number of Java threads
#   Decrease Java thread stack sizes (-Xss)
#   Set larger code cache with -XX:ReservedCodeCacheSize=
# This output file may be truncated or incomplete.
#
#  Out of Memory Error (os_linux.cpp:2798), pid=26881, tid=140061917173504
#
# JRE version: OpenJDK Runtime Environment (7.0_75-b13) (build 1.7.0_75-b13)
# Java VM: OpenJDK 64-Bit Server VM (24.75-b04 mixed mode linux-amd64 compressed oops)
# Derivative: IcedTea 2.5.4
# Distribution: Ubuntu 14.04 LTS, package 7u75-2.5.4-1~trusty1
# Failed to write core dump. Core dumps have been disabled. To enable core dumping, try "ulimit -c unlimited" before starting Java again
#

---------------  T H R E A D  ---------------

Current thread (0x00007f62c0077000):  VMThread [stack: 0x00007f62b4c1d000,0x00007f62b4d1e000] [id=26893]

Stack: [0x00007f62b4c1d000,0x00007f62b4d1e000],  sp=0x00007f62b4d1c490,  free space=1021k
Native frames: (J=compiled Java code, j=interpreted, Vv=VM code, C=native code)
V  [libjvm.so+0x94a9d5]  VMError::report_and_die()+0x175
V  [libjvm.so+0x48b954]  report_vm_out_of_memory(char const*, int, unsigned long, char const*)+0x74
V  [libjvm.so+0x7c7b7b]  os::pd_commit_memory(char*, unsigned long, unsigned long, bool)+0xeb
V  [libjvm.so+0x7c263f]  os::commit_memory(char*, unsigned long, unsigned long, bool)+0x1f
V  [libjvm.so+0x834b1b]  PSVirtualSpace::expand_by(unsigned long)+0x5b
V  [libjvm.so+0x835970]  PSYoungGen::resize_generation(unsigned long, unsigned long)+0xb0
V  [libjvm.so+0x83605b]  PSYoungGen::resize(unsigned long, unsigned long)+0x1b
V  [libjvm.so+0x832340]  PSScavenge::invoke_no_policy()+0xde0
V  [libjvm.so+0x832b18]  PSScavenge::invoke()+0x38
V  [libjvm.so+0x7e9203]  ParallelScavengeHeap::failed_mem_allocate(unsigned long)+0x63
V  [libjvm.so+0x94c3d4]  VM_ParallelGCFailedAllocation::doit()+0x84
V  [libjvm.so+0x9508d7]  VM_Operation::evaluate()+0x47
V  [libjvm.so+0x94f248]  VMThread::evaluate_operation(VM_Operation*)+0x318
V  [libjvm.so+0x94f6a9]  VMThread::loop()+0x219
V  [libjvm.so+0x94faf2]  VMThread::run()+0x72
V  [libjvm.so+0x7c4a42]  java_start(Thread*)+0xf2

VM_Operation (0x00007f62c740e430): ParallelGCFailedAllocation, mode: safepoint, requested by thread 0x00007f62c000b800


---------------  P R O C E S S  ---------------

Java Threads: ( => current thread )
  0x00007f62c00af800 JavaThread "Service Thread" daemon [_thread_blocked, id=26899, stack(0x00007f62afbfc000,0x00007f62afcfd000)]
  0x00007f62c00ad000 JavaThread "C2 CompilerThread1" daemon [_thread_blocked, id=26898, stack(0x00007f62afcfd000,0x00007f62afdfe000)]
  0x00007f62c00aa000 JavaThread "C2 CompilerThread0" daemon [_thread_blocked, id=26897, stack(0x00007f62afdfe000,0x00007f62afeff000)]
  0x00007f62c00a8000 JavaThread "Signal Dispatcher" daemon [_thread_blocked, id=26896, stack(0x00007f62afeff000,0x00007f62b0000000)]
  0x00007f62c007d800 JavaThread "Finalizer" daemon [_thread_blocked, id=26895, stack(0x00007f62b4a1b000,0x00007f62b4b1c000)]
  0x00007f62c007b800 JavaThread "Reference Handler" daemon [_thread_blocked, id=26894, stack(0x00007f62b4b1c000,0x00007f62b4c1d000)]
  0x00007f62c000b800 JavaThread "main" [_thread_blocked, id=26887, stack(0x00007f62c730f000,0x00007f62c7410000)]

Other Threads:
=>0x00007f62c0077000 VMThread [stack: 0x00007f62b4c1d000,0x00007f62b4d1e000] [id=26893]
  0x00007f62c00ba000 WatcherThread [stack: 0x00007f62afafb000,0x00007f62afbfc000] [id=26900]

VM state:at safepoint (normal execution)

VM Mutex/Monitor currently owned by a thread:  ([mutex/lock_event])
[0x00007f62c0007bf0] Threads_lock - owner thread: 0x00007f62c0077000
[0x00007f62c00080f0] Heap_lock - owner thread: 0x00007f62c000b800

Heap
 PSYoungGen      total 203776K, used 18413K [0x00000000eaa80000, 0x00000000f8a80000, 0x0000000100000000)
  eden space 185344K, 0% used [0x00000000eaa80000,0x00000000eaa80000,0x00000000f5f80000)
  from space 18432K, 99% used [0x00000000f6680000,0x00000000f787b408,0x00000000f7880000)
  to   space 15360K, 0% used [0x00000000f7b80000,0x00000000f7b80000,0x00000000f8a80000)
 ParOldGen       total 58880K, used 57833K [0x00000000c0000000, 0x00000000c3980000, 0x00000000eaa80000)
  object space 58880K, 98% used [0x00000000c0000000,0x00000000c387a5c0,0x00000000c3980000)
 PSPermGen       total 21504K, used 7739K [0x00000000b5a00000, 0x00000000b6f00000, 0x00000000c0000000)
  object space 21504K, 35% used [0x00000000b5a00000,0x00000000b618efc8,0x00000000b6f00000)

Card table byte_map: [0x00007f62bcba3000,0x00007f62bcdf7000] byte_map_base: 0x00007f62bc5f6000

Polling page: 0x00007f62c7442000

Code Cache  [0x00007f62bcdf7000, 0x00007f62bd167000, 0x00007f62bfdf7000)
 total_blobs=1363 nmethods=1110 adapters=206 free_code_cache=45759Kb largest_free_block=46791616

Compilation events (10 events):
Event: 26.032 Thread 0x00007f62c00aa000 nmethod 1127 0x00007f62bd01ca10 code [0x00007f62bd01cb40, 0x00007f62bd01cb98]
Event: 26.034 Thread 0x00007f62c00ad000 nmethod 1124 0x00007f62bd037e50 code [0x00007f62bd037fc0, 0x00007f62bd0381d8]
Event: 26.103 Thread 0x00007f62c00aa000 1128             java.util.ComparableTimSort::gallopLeft (327 bytes)
Event: 26.127 Thread 0x00007f62c00aa000 nmethod 1128 0x00007f62bd151d50 code [0x00007f62bd152020, 0x00007f62bd153730]
Event: 31.693 Thread 0x00007f62c00aa000 1130             com.android.dx.io.instructions.InstructionCodec$33::encode (131 bytes)
Event: 31.693 Thread 0x00007f62c00ad000 1129             com.android.dx.io.instructions.InstructionCodec$33::decode (99 bytes)
Event: 31.707 Thread 0x00007f62c00aa000 nmethod 1130 0x00007f62bd14eb10 code [0x00007f62bd14ecc0, 0x00007f62bd14f648]
Event: 31.804 Thread 0x00007f62c00ad000 nmethod 1129 0x00007f62bd14ab50 code [0x00007f62bd14ad00, 0x00007f62bd14b928]
Event: 33.658 Thread 0x00007f62c00aa000 1131             java.nio.Buffer::hasRemaining (17 bytes)
Event: 33.659 Thread 0x00007f62c00aa000 nmethod 1131 0x00007f62bd01c810 code [0x00007f62bd01c940, 0x00007f62bd01c998]

GC Heap History (10 events):
Event: 11.408 GC heap after
Heap after GC invocations=7 (full 0):
 PSYoungGen      total 70656K, used 8187K [0x00000000eaa80000, 0x00000000f3e80000, 0x0000000100000000)
  eden space 62464K, 0% used [0x00000000eaa80000,0x00000000eaa80000,0x00000000ee780000)
  from space 8192K, 99% used [0x00000000ee780000,0x00000000eef7ed90,0x00000000eef80000)
  to   space 13312K, 0% used [0x00000000f3180000,0x00000000f3180000,0x00000000f3e80000)
 ParOldGen       total 40960K, used 22393K [0x00000000c0000000, 0x00000000c2800000, 0x00000000eaa80000)
  object space 40960K, 54% used [0x00000000c0000000,0x00000000c15de478,0x00000000c2800000)
 PSPermGen       total 21504K, used 7556K [0x00000000b5a00000, 0x00000000b6f00000, 0x00000000c0000000)
  object space 21504K, 35% used [0x00000000b5a00000,0x00000000b6161218,0x00000000b6f00000)
}
Event: 12.298 GC heap before
{Heap before GC invocations=8 (full 0):
 PSYoungGen      total 70656K, used 70651K [0x00000000eaa80000, 0x00000000f3e80000, 0x0000000100000000)
  eden space 62464K, 100% used [0x00000000eaa80000,0x00000000ee780000,0x00000000ee780000)
  from space 8192K, 99% used [0x00000000ee780000,0x00000000eef7ed90,0x00000000eef80000)
  to   space 13312K, 0% used [0x00000000f3180000,0x00000000f3180000,0x00000000f3e80000)
 ParOldGen       total 40960K, used 22393K [0x00000000c0000000, 0x00000000c2800000, 0x00000000eaa80000)
  object space 40960K, 54% used [0x00000000c0000000,0x00000000c15de478,0x00000000c2800000)
 PSPermGen       total 21504K, used 7621K [0x00000000b5a00000, 0x00000000b6f00000, 0x00000000c0000000)
  object space 21504K, 35% used [0x00000000b5a00000,0x00000000b6171570,0x00000000b6f00000)
Event: 12.308 GC heap after
Heap after GC invocations=8 (full 0):
 PSYoungGen      total 136704K, used 12518K [0x00000000eaa80000, 0x00000000f4180000, 0x0000000100000000)
  eden space 123392K, 0% used [0x00000000eaa80000,0x00000000eaa80000,0x00000000f2300000)
  from space 13312K, 94% used [0x00000000f3180000,0x00000000f3db9810,0x00000000f3e80000)
  to   space 14848K, 0% used [0x00000000f2300000,0x00000000f2300000,0x00000000f3180000)
 ParOldGen       total 40960K, used 22994K [0x00000000c0000000, 0x00000000c2800000, 0x00000000eaa80000)
  object space 40960K, 56% used [0x00000000c0000000,0x00000000c1674818,0x00000000c2800000)
 PSPermGen       total 21504K, used 7621K [0x00000000b5a00000, 0x00000000b6f00000, 0x00000000c0000000)
  object space 21504K, 35% used [0x00000000b5a00000,0x00000000b6171570,0x00000000b6f00000)
}
Event: 15.509 GC heap before
{Heap before GC invocations=9 (full 0):
 PSYoungGen      total 136704K, used 135910K [0x00000000eaa80000, 0x00000000f4180000, 0x0000000100000000)
  eden space 123392K, 100% used [0x00000000eaa80000,0x00000000f2300000,0x00000000f2300000)
  from space 13312K, 94% used [0x00000000f3180000,0x00000000f3db9810,0x00000000f3e80000)
  to   space 14848K, 0% used [0x00000000f2300000,0x00000000f2300000,0x00000000f3180000)
 ParOldGen       total 40960K, used 22994K [0x00000000c0000000, 0x00000000c2800000, 0x00000000eaa80000)
  object space 40960K, 56% used [0x00000000c0000000,0x00000000c1674818,0x00000000c2800000)
 PSPermGen       total 21504K, used 7729K [0x00000000b5a00000, 0x00000000b6f00000, 0x00000000c0000000)
  object space 21504K, 35% used [0x00000000b5a00000,0x00000000b618c730,0x00000000b6f00000)
Event: 19.867 GC heap after
Heap after GC invocations=9 (full 0):
 PSYoungGen      total 138240K, used 13308K [0x00000000eaa80000, 0x00000000f8b80000, 0x0000000100000000)
  eden space 123392K, 0% used [0x00000000eaa80000,0x00000000eaa80000,0x00000000f2300000)
  from space 14848K, 89% used [0x00000000f2300000,0x00000000f2fff028,0x00000000f3180000)
  to   space 16384K, 0% used [0x00000000f7b80000,0x00000000f7b80000,0x00000000f8b80000)
 ParOldGen       total 40960K, used 35160K [0x00000000c0000000, 0x00000000c2800000, 0x00000000eaa80000)
  object space 40960K, 85% used [0x00000000c0000000,0x00000000c2256368,0x00000000c2800000)
 PSPermGen       total 21504K, used 7729K [0x00000000b5a00000, 0x00000000b6f00000, 0x00000000c0000000)
  object space 21504K, 35% used [0x00000000b5a00000,0x00000000b618c730,0x00000000b6f00000)
}
Event: 20.337 GC heap before
{Heap before GC invocations=10 (full 1):
 PSYoungGen      total 138240K, used 13308K [0x00000000eaa80000, 0x00000000f8b80000, 0x0000000100000000)
  eden space 123392K, 0% used [0x00000000eaa80000,0x00000000eaa80000,0x00000000f2300000)
  from space 14848K, 89% used [0x00000000f2300000,0x00000000f2fff028,0x00000000f3180000)
  to   space 16384K, 0% used [0x00000000f7b80000,0x00000000f7b80000,0x00000000f8b80000)
 ParOldGen       total 40960K, used 35160K [0x00000000c0000000, 0x00000000c2800000, 0x00000000eaa80000)
  object space 40960K, 85% used [0x00000000c0000000,0x00000000c2256368,0x00000000c2800000)
 PSPermGen       total 21504K, used 7729K [0x00000000b5a00000, 0x00000000b6f00000, 0x00000000c0000000)
  object space 21504K, 35% used [0x00000000b5a00000,0x00000000b618c730,0x00000000b6f00000)
Event: 21.842 GC heap after
Heap after GC invocations=10 (full 1):
 PSYoungGen      total 138240K, used 0K [0x00000000eaa80000, 0x00000000f8b80000, 0x0000000100000000)
  eden space 123392K, 0% used [0x00000000eaa80000,0x00000000eaa80000,0x00000000f2300000)
  from space 14848K, 0% used [0x00000000f2300000,0x00000000f2300000,0x00000000f3180000)
  to   space 16384K, 0% used [0x00000000f7b80000,0x00000000f7b80000,0x00000000f8b80000)
 ParOldGen       total 58880K, used 28392K [0x00000000c0000000, 0x00000000c3980000, 0x00000000eaa80000)
  object space 58880K, 48% used [0x00000000c0000000,0x00000000c1bba3e0,0x00000000c3980000)
 PSPermGen       total 21504K, used 7725K [0x00000000b5a00000, 0x00000000b6f00000, 0x00000000c0000000)
  object space 21504K, 35% used [0x00000000b5a00000,0x00000000b618b450,0x00000000b6f00000)
}
Event: 22.127 GC heap before
{Heap before GC invocations=11 (full 1):
 PSYoungGen      total 138240K, used 123392K [0x00000000eaa80000, 0x00000000f8b80000, 0x0000000100000000)
  eden space 123392K, 100% used [0x00000000eaa80000,0x00000000f2300000,0x00000000f2300000)
  from space 14848K, 0% used [0x00000000f2300000,0x00000000f2300000,0x00000000f3180000)
  to   space 16384K, 0% used [0x00000000f7b80000,0x00000000f7b80000,0x00000000f8b80000)
 ParOldGen       total 58880K, used 28392K [0x00000000c0000000, 0x00000000c3980000, 0x00000000eaa80000)
  object space 58880K, 48% used [0x00000000c0000000,0x00000000c1bba3e0,0x00000000c3980000)
 PSPermGen       total 21504K, used 7735K [0x00000000b5a00000, 0x00000000b6f00000, 0x00000000c0000000)
  object space 21504K, 35% used [0x00000000b5a00000,0x00000000b618dcf8,0x00000000b6f00000)
Event: 25.924 GC heap after
Heap after GC invocations=11 (full 1):
 PSYoungGen      total 200704K, used 15240K [0x00000000eaa80000, 0x00000000f8a80000, 0x0000000100000000)
  eden space 185344K, 0% used [0x00000000eaa80000,0x00000000eaa80000,0x00000000f5f80000)
  from space 15360K, 99% used [0x00000000f7b80000,0x00000000f8a62380,0x00000000f8a80000)
  to   space 18432K, 0% used [0x00000000f6680000,0x00000000f6680000,0x00000000f7880000)
 ParOldGen       total 58880K, used 36663K [0x00000000c0000000, 0x00000000c3980000, 0x00000000eaa80000)
  object space 58880K, 62% used [0x00000000c0000000,0x00000000c23cde50,0x00000000c3980000)
 PSPermGen       total 21504K, used 7735K [0x00000000b5a00000, 0x00000000b6f00000, 0x00000000c0000000)
  object space 21504K, 35% used [0x00000000b5a00000,0x00000000b618dcf8,0x00000000b6f00000)
}
Event: 37.502 GC heap before
{Heap before GC invocations=12 (full 1):
 PSYoungGen      total 200704K, used 200584K [0x00000000eaa80000, 0x00000000f8a80000, 0x0000000100000000)
  eden space 185344K, 100% used [0x00000000eaa80000,0x00000000f5f80000,0x00000000f5f80000)
  from space 15360K, 99% used [0x00000000f7b80000,0x00000000f8a62380,0x00000000f8a80000)
  to   space 18432K, 0% used [0x00000000f6680000,0x00000000f6680000,0x00000000f7880000)
 ParOldGen       total 58880K, used 36663K [0x00000000c0000000, 0x00000000c3980000, 0x00000000eaa80000)
  object space 58880K, 62% used [0x00000000c0000000,0x00000000c23cde50,0x00000000c3980000)
 PSPermGen       total 21504K, used 7739K [0x00000000b5a00000, 0x00000000b6f00000, 0x00000000c0000000)
  object space 21504K, 35% used [0x00000000b5a00000,0x00000000b618efc8,0x00000000b6f00000)

Deoptimization events (10 events):
Event: 12.320 Thread 0x00007f62c000b800 Uncommon trap: reason=array_check action=maybe_recompile pc=0x00007f62bd0f774c method=java.util.TimSort.binarySort([Ljava/lang/Object;IIILjava/util/Comparator;)V @ 183
Event: 12.320 Thread 0x00007f62c000b800 Uncommon trap: reason=array_check action=maybe_recompile pc=0x00007f62bd0f767c method=java.util.TimSort.binarySort([Ljava/lang/Object;IIILjava/util/Comparator;)V @ 193
Event: 12.320 Thread 0x00007f62c000b800 Uncommon trap: reason=array_check action=maybe_recompile pc=0x00007f62bd0f767c method=java.util.TimSort.binarySort([Ljava/lang/Object;IIILjava/util/Comparator;)V @ 193
Event: 12.471 Thread 0x00007f62c000b800 Uncommon trap: reason=array_check action=maybe_recompile pc=0x00007f62bd108c94 method=java.util.ComparableTimSort.binarySort([Ljava/lang/Object;III)V @ 193
Event: 12.952 Thread 0x00007f62c000b800 Uncommon trap: reason=array_check action=maybe_recompile pc=0x00007f62bd108c94 method=java.util.ComparableTimSort.binarySort([Ljava/lang/Object;III)V @ 193
Event: 13.046 Thread 0x00007f62c000b800 Uncommon trap: reason=array_check action=maybe_recompile pc=0x00007f62bd108c94 method=java.util.ComparableTimSort.binarySort([Ljava/lang/Object;III)V @ 193
Event: 14.520 Thread 0x00007f62c000b800 Uncommon trap: reason=array_check action=maybe_recompile pc=0x00007f62bd108c94 method=java.util.ComparableTimSort.binarySort([Ljava/lang/Object;III)V @ 193
Event: 21.984 Thread 0x00007f62c000b800 Uncommon trap: reason=array_check action=maybe_recompile pc=0x00007f62bceaae70 method=java.util.ComparableTimSort.binarySort([Ljava/lang/Object;III)V @ 215
Event: 22.088 Thread 0x00007f62c000b800 Uncommon trap: reason=array_check action=maybe_recompile pc=0x00007f62bceaae70 method=java.util.ComparableTimSort.binarySort([Ljava/lang/Object;III)V @ 215
Event: 26.075 Thread 0x00007f62c000b800 Uncommon trap: reason=array_check action=maybe_recompile pc=0x00007f62bd145734 method=java.util.ComparableTimSort.binarySort([Ljava/lang/Object;III)V @ 183

Internal exceptions (10 events):
Event: 11.050 Thread 0x00007f62c000b800 Threw 0x00000000edd480b8 at /build/buildd/openjdk-7-7u75-2.5.4/build/openjdk/hotspot/src/share/vm/prims/jvm.cpp:1284
Event: 11.052 Thread 0x00007f62c000b800 Threw 0x00000000edd8fc00 at /build/buildd/openjdk-7-7u75-2.5.4/build/openjdk/hotspot/src/share/vm/prims/jvm.cpp:1284
Event: 11.052 Thread 0x00007f62c000b800 Threw 0x00000000edd927e0 at /build/buildd/openjdk-7-7u75-2.5.4/build/openjdk/hotspot/src/share/vm/prims/jvm.cpp:1284
Event: 11.236 Thread 0x00007f62c000b800 Threw 0x00000000edff5708 at /build/buildd/openjdk-7-7u75-2.5.4/build/openjdk/hotspot/src/share/vm/prims/jvm.cpp:1284
Event: 11.236 Thread 0x00007f62c000b800 Threw 0x00000000edff5830 at /build/buildd/openjdk-7-7u75-2.5.4/build/openjdk/hotspot/src/share/vm/prims/jvm.cpp:1284
Event: 11.236 Thread 0x00007f62c000b800 Threw 0x00000000edff7ee0 at /build/buildd/openjdk-7-7u75-2.5.4/build/openjdk/hotspot/src/share/vm/prims/jvm.cpp:1284
Event: 11.236 Thread 0x00007f62c000b800 Threw 0x00000000edff8008 at /build/buildd/openjdk-7-7u75-2.5.4/build/openjdk/hotspot/src/share/vm/prims/jvm.cpp:1284
Event: 11.236 Thread 0x00007f62c000b800 Threw 0x00000000edff8a08 at /build/buildd/openjdk-7-7u75-2.5.4/build/openjdk/hotspot/src/share/vm/prims/jvm.cpp:1284
Event: 11.236 Thread 0x00007f62c000b800 Threw 0x00000000edff8b30 at /build/buildd/openjdk-7-7u75-2.5.4/build/openjdk/hotspot/src/share/vm/prims/jvm.cpp:1284
Event: 11.503 Thread 0x00007f62c000b800 Threw 0x00000000eb241280 at /build/buildd/openjdk-7-7u75-2.5.4/build/openjdk/hotspot/src/share/vm/prims/jvm.cpp:1284

Events (10 events):
Event: 22.127 Executing VM operation: ParallelGCFailedAllocation
Event: 25.924 Executing VM operation: ParallelGCFailedAllocation done
Event: 25.961 Thread 0x00007f62c00ad000 flushing nmethod 0x00007f62bced48d0
Event: 26.032 Thread 0x00007f62c00aa000 flushing nmethod 0x00007f62bd01c590
Event: 26.032 Thread 0x00007f62c00aa000 flushing nmethod 0x00007f62bd037610
Event: 26.075 Thread 0x00007f62c000b800 Uncommon trap: trap_request=0xffffffd6 fr.pc=0x00007f62bd145734
Event: 26.075 Thread 0x00007f62c000b800 DEOPT PACKING pc=0x00007f62bd145734 sp=0x00007f62c740e450
Event: 26.075 Thread 0x00007f62c000b800 DEOPT UNPACKING pc=0x00007f62bce30445 sp=0x00007f62c740e418 mode 2
Event: 26.127 Thread 0x00007f62c00aa000 flushing nmethod 0x00007f62bd073990
Event: 37.502 Executing VM operation: ParallelGCFailedAllocation


Dynamic libraries:
00400000-00401000 r-xp 00000000 08:08 1184363                            /usr/lib/jvm/java-7-openjdk-amd64/jre/bin/java
00600000-00601000 r--p 00000000 08:08 1184363                            /usr/lib/jvm/java-7-openjdk-amd64/jre/bin/java
00601000-00602000 rw-p 00001000 08:08 1184363                            /usr/lib/jvm/java-7-openjdk-amd64/jre/bin/java
021e3000-02204000 rw-p 00000000 00:00 0                                  [heap]
b5a00000-b6f00000 rw-p 00000000 00:00 0 
b6f00000-c0000000 rw-p 00000000 00:00 0 
c0000000-c3980000 rw-p 00000000 00:00 0 
c3980000-eaa80000 rw-p 00000000 00:00 0 
eaa80000-f8a80000 rw-p 00000000 00:00 0 
ff300000-100000000 rw-p 00000000 00:00 0 
7f6280000000-7f6280021000 rw-p 00000000 00:00 0 
7f6280021000-7f6284000000 ---p 00000000 00:00 0 
7f6288000000-7f6289255000 rw-p 00000000 00:00 0 
7f6289255000-7f628c000000 ---p 00000000 00:00 0 
7f628c000000-7f628c021000 rw-p 00000000 00:00 0 
7f628c021000-7f6290000000 ---p 00000000 00:00 0 
7f6290000000-7f6290021000 rw-p 00000000 00:00 0 
7f6290021000-7f6294000000 ---p 00000000 00:00 0 
7f6294000000-7f62952dc000 rw-p 00000000 00:00 0 
7f62952dc000-7f6298000000 ---p 00000000 00:00 0 
7f6298000000-7f6298021000 rw-p 00000000 00:00 0 
7f6298021000-7f629c000000 ---p 00000000 00:00 0 
7f629c000000-7f629c021000 rw-p 00000000 00:00 0 
7f629c021000-7f62a0000000 ---p 00000000 00:00 0 
7f62a0000000-7f62a0021000 rw-p 00000000 00:00 0 
7f62a0021000-7f62a4000000 ---p 00000000 00:00 0 
7f62a4000000-7f62a4243000 rw-p 00000000 00:00 0 
7f62a4243000-7f62a8000000 ---p 00000000 00:00 0 
7f62a8000000-7f62a8021000 rw-p 00000000 00:00 0 
7f62a8021000-7f62ac000000 ---p 00000000 00:00 0 
7f62ae37d000-7f62ae3ba000 r-xp 00000000 08:08 1577029                    /lib/x86_64-linux-gnu/libpcre.so.3.13.1
7f62ae3ba000-7f62ae5b9000 ---p 0003d000 08:08 1577029                    /lib/x86_64-linux-gnu/libpcre.so.3.13.1
7f62ae5b9000-7f62ae5ba000 r--p 0003c000 08:08 1577029                    /lib/x86_64-linux-gnu/libpcre.so.3.13.1
7f62ae5ba000-7f62ae5bb000 rw-p 0003d000 08:08 1577029                    /lib/x86_64-linux-gnu/libpcre.so.3.13.1
7f62ae5bb000-7f62ae5c2000 r-xp 00000000 08:08 1055481                    /usr/lib/x86_64-linux-gnu/libffi.so.6.0.1
7f62ae5c2000-7f62ae7c1000 ---p 00007000 08:08 1055481                    /usr/lib/x86_64-linux-gnu/libffi.so.6.0.1
7f62ae7c1000-7f62ae7c2000 r--p 00006000 08:08 1055481                    /usr/lib/x86_64-linux-gnu/libffi.so.6.0.1
7f62ae7c2000-7f62ae7c3000 rw-p 00007000 08:08 1055481                    /usr/lib/x86_64-linux-gnu/libffi.so.6.0.1
7f62ae7c3000-7f62ae7da000 r-xp 00000000 08:08 1576903                    /lib/x86_64-linux-gnu/libresolv-2.19.so
7f62ae7da000-7f62ae9da000 ---p 00017000 08:08 1576903                    /lib/x86_64-linux-gnu/libresolv-2.19.so
7f62ae9da000-7f62ae9db000 r--p 00017000 08:08 1576903                    /lib/x86_64-linux-gnu/libresolv-2.19.so
7f62ae9db000-7f62ae9dc000 rw-p 00018000 08:08 1576903                    /lib/x86_64-linux-gnu/libresolv-2.19.so
7f62ae9dc000-7f62ae9de000 rw-p 00000000 00:00 0 
7f62ae9de000-7f62ae9fe000 r-xp 00000000 08:08 1577056                    /lib/x86_64-linux-gnu/libselinux.so.1
7f62ae9fe000-7f62aebfd000 ---p 00020000 08:08 1577056                    /lib/x86_64-linux-gnu/libselinux.so.1
7f62aebfd000-7f62aebfe000 r--p 0001f000 08:08 1577056                    /lib/x86_64-linux-gnu/libselinux.so.1
7f62aebfe000-7f62aebff000 rw-p 00020000 08:08 1577056                    /lib/x86_64-linux-gnu/libselinux.so.1
7f62aebff000-7f62aec01000 rw-p 00000000 00:00 0 
7f62aec01000-7f62aec04000 r-xp 00000000 08:08 1048920                    /usr/lib/x86_64-linux-gnu/libgmodule-2.0.so.0.4002.0
7f62aec04000-7f62aee03000 ---p 00003000 08:08 1048920                    /usr/lib/x86_64-linux-gnu/libgmodule-2.0.so.0.4002.0
7f62aee03000-7f62aee04000 r--p 00002000 08:08 1048920                    /usr/lib/x86_64-linux-gnu/libgmodule-2.0.so.0.4002.0
7f62aee04000-7f62aee05000 rw-p 00003000 08:08 1048920                    /usr/lib/x86_64-linux-gnu/libgmodule-2.0.so.0.4002.0
7f62aee05000-7f62aef0b000 r-xp 00000000 08:08 1576859                    /lib/x86_64-linux-gnu/libglib-2.0.so.0.4002.0
7f62aef0b000-7f62af10a000 ---p 00106000 08:08 1576859                    /lib/x86_64-linux-gnu/libglib-2.0.so.0.4002.0
7f62af10a000-7f62af10b000 r--p 00105000 08:08 1576859                    /lib/x86_64-linux-gnu/libglib-2.0.so.0.4002.0
7f62af10b000-7f62af10c000 rw-p 00106000 08:08 1576859                    /lib/x86_64-linux-gnu/libglib-2.0.so.0.4002.0
7f62af10c000-7f62af10d000 rw-p 00000000 00:00 0 
7f62af10d000-7f62af15c000 r-xp 00000000 08:08 1048941                    /usr/lib/x86_64-linux-gnu/libgobject-2.0.so.0.4002.0
7f62af15c000-7f62af35c000 ---p 0004f000 08:08 1048941                    /usr/lib/x86_64-linux-gnu/libgobject-2.0.so.0.4002.0
7f62af35c000-7f62af35d000 r--p 0004f000 08:08 1048941                    /usr/lib/x86_64-linux-gnu/libgobject-2.0.so.0.4002.0
7f62af35d000-7f62af35e000 rw-p 00050000 08:08 1048941                    /usr/lib/x86_64-linux-gnu/libgobject-2.0.so.0.4002.0
7f62af35e000-7f62af4ca000 r-xp 00000000 08:08 1048944                    /usr/lib/x86_64-linux-gnu/libgio-2.0.so.0.4002.0
7f62af4ca000-7f62af6c9000 ---p 0016c000 08:08 1048944                    /usr/lib/x86_64-linux-gnu/libgio-2.0.so.0.4002.0
7f62af6c9000-7f62af6cd000 r--p 0016b000 08:08 1048944                    /usr/lib/x86_64-linux-gnu/libgio-2.0.so.0.4002.0
7f62af6cd000-7f62af6cf000 rw-p 0016f000 08:08 1048944                    /usr/lib/x86_64-linux-gnu/libgio-2.0.so.0.4002.0
7f62af6cf000-7f62af6d1000 rw-p 00000000 00:00 0 
7f62af6d1000-7f62af6e8000 r-xp 00000000 08:08 1184337                    /usr/lib/jvm/java-7-openjdk-amd64/jre/lib/amd64/libnet.so
7f62af6e8000-7f62af8e7000 ---p 00017000 08:08 1184337                    /usr/lib/jvm/java-7-openjdk-amd64/jre/lib/amd64/libnet.so
7f62af8e7000-7f62af8e8000 r--p 00016000 08:08 1184337                    /usr/lib/jvm/java-7-openjdk-amd64/jre/lib/amd64/libnet.so
7f62af8e8000-7f62af8e9000 rw-p 00017000 08:08 1184337                    /usr/lib/jvm/java-7-openjdk-amd64/jre/lib/amd64/libnet.so
7f62af8e9000-7f62af8f9000 r-xp 00000000 08:08 1184333                    /usr/lib/jvm/java-7-openjdk-amd64/jre/lib/amd64/libnio.so
7f62af8f9000-7f62afaf9000 ---p 00010000 08:08 1184333                    /usr/lib/jvm/java-7-openjdk-amd64/jre/lib/amd64/libnio.so
7f62afaf9000-7f62afafa000 r--p 00010000 08:08 1184333                    /usr/lib/jvm/java-7-openjdk-amd64/jre/lib/amd64/libnio.so
7f62afafa000-7f62afafb000 rw-p 00011000 08:08 1184333                    /usr/lib/jvm/java-7-openjdk-amd64/jre/lib/amd64/libnio.so
7f62afafb000-7f62afafc000 ---p 00000000 00:00 0 
7f62afafc000-7f62afbfc000 rw-p 00000000 00:00 0                          [stack:26900]
7f62afbfc000-7f62afbff000 ---p 00000000 00:00 0 
7f62afbff000-7f62afcfd000 rw-p 00000000 00:00 0                          [stack:26899]
7f62afcfd000-7f62afd00000 ---p 00000000 00:00 0 
7f62afd00000-7f62afdfe000 rw-p 00000000 00:00 0                          [stack:26898]
7f62afdfe000-7f62afe01000 ---p 00000000 00:00 0 
7f62afe01000-7f62afeff000 rw-p 00000000 00:00 0                          [stack:26897]
7f62afeff000-7f62aff02000 ---p 00000000 00:00 0 
7f62aff02000-7f62b0000000 rw-p 00000000 00:00 0                          [stack:26896]
7f62b0000000-7f62b0021000 rw-p 00000000 00:00 0 
7f62b0021000-7f62b4000000 ---p 00000000 00:00 0 
7f62b404d000-7f62b4a1b000 r--p 00000000 08:08 1053423                    /usr/lib/locale/locale-archive
7f62b4a1b000-7f62b4a1e000 ---p 00000000 00:00 0 
7f62b4a1e000-7f62b4b1c000 rw-p 00000000 00:00 0                          [stack:26895]
7f62b4b1c000-7f62b4b1f000 ---p 00000000 00:00 0 
7f62b4b1f000-7f62b4c1d000 rw-p 00000000 00:00 0                          [stack:26894]
7f62b4c1d000-7f62b4c1e000 ---p 00000000 00:00 0 
7f62b4c1e000-7f62b8000000 rw-p 00000000 00:00 0                          [stack:26893]
7f62b8000000-7f62b8021000 rw-p 00000000 00:00 0 
7f62b8021000-7f62bc000000 ---p 00000000 00:00 0 
7f62bc003000-7f62bc24e000 rw-p 00000000 00:00 0 
7f62bc24e000-7f62bc400000 r--s 01d23000 08:08 1055924                    /usr/lib/jvm/java-7-openjdk-amd64/jre/lib/rt.jar
7f62bc400000-7f62bc74c000 rw-p 00000000 00:00 0 
7f62bc74c000-7f62bc74d000 ---p 00000000 00:00 0 
7f62bc74d000-7f62bc84d000 rw-p 00000000 00:00 0                          [stack:26891]
7f62bc84d000-7f62bc84e000 ---p 00000000 00:00 0 
7f62bc84e000-7f62bc94e000 rw-p 00000000 00:00 0                          [stack:26890]
7f62bc94e000-7f62bc94f000 ---p 00000000 00:00 0 
7f62bc94f000-7f62bca4f000 rw-p 00000000 00:00 0                          [stack:26889]
7f62bca4f000-7f62bca50000 ---p 00000000 00:00 0 
7f62bca50000-7f62bcb5b000 rw-p 00000000 00:00 0                          [stack:26888]
7f62bcb5b000-7f62bcba3000 rw-p 00000000 00:00 0 
7f62bcba3000-7f62bcbae000 rw-p 00000000 00:00 0 
7f62bcbae000-7f62bcbf6000 rw-p 00000000 00:00 0 
7f62bcbf6000-7f62bcc13000 rw-p 00000000 00:00 0 
7f62bcc13000-7f62bcd4b000 rw-p 00000000 00:00 0 
7f62bcd4b000-7f62bcdbc000 rw-p 00000000 00:00 0 
7f62bcdbc000-7f62bcdf6000 rw-p 00000000 00:00 0 
7f62bcdf6000-7f62bcdf7000 rw-p 00000000 00:00 0 
7f62bcdf7000-7f62bd167000 rwxp 00000000 00:00 0 
7f62bd167000-7f62bfdf7000 rw-p 00000000 00:00 0 
7f62bfdf7000-7f62bfdff000 r-xp 00000000 08:08 1184362                    /usr/lib/jvm/java-7-openjdk-amd64/jre/lib/amd64/libzip.so
7f62bfdff000-7f62bfffe000 ---p 00008000 08:08 1184362                    /usr/lib/jvm/java-7-openjdk-amd64/jre/lib/amd64/libzip.so
7f62bfffe000-7f62bffff000 r--p 00007000 08:08 1184362                    /usr/lib/jvm/java-7-openjdk-amd64/jre/lib/amd64/libzip.so
7f62bffff000-7f62c0000000 rw-p 00008000 08:08 1184362                    /usr/lib/jvm/java-7-openjdk-amd64/jre/lib/amd64/libzip.so
7f62c0000000-7f62c026c000 rw-p 00000000 00:00 0 
7f62c026c000-7f62c4000000 ---p 00000000 00:00 0 
7f62c4006000-7f62c400a000 r--s 0004d000 08:08 1055938                    /usr/lib/jvm/java-7-openjdk-amd64/jre/lib/jsse.jar
7f62c400a000-7f62c4018000 r--s 000dc000 08:08 2757737                    /home/srivatsan/Android/Sdk/build-tools/21.0.2/lib/dx.jar
7f62c4018000-7f62c4035000 rw-p 00000000 00:00 0 
7f62c4035000-7f62c416e000 rw-p 00000000 00:00 0 
7f62c416e000-7f62c4179000 r-xp 00000000 08:08 1588046                    /lib/x86_64-linux-gnu/libnss_files-2.19.so
7f62c4179000-7f62c4378000 ---p 0000b000 08:08 1588046                    /lib/x86_64-linux-gnu/libnss_files-2.19.so
7f62c4378000-7f62c4379000 r--p 0000a000 08:08 1588046                    /lib/x86_64-linux-gnu/libnss_files-2.19.so
7f62c4379000-7f62c437a000 rw-p 0000b000 08:08 1588046                    /lib/x86_64-linux-gnu/libnss_files-2.19.so
7f62c437a000-7f62c4385000 r-xp 00000000 08:08 1588066                    /lib/x86_64-linux-gnu/libnss_nis-2.19.so
7f62c4385000-7f62c4584000 ---p 0000b000 08:08 1588066                    /lib/x86_64-linux-gnu/libnss_nis-2.19.so
7f62c4584000-7f62c4585000 r--p 0000a000 08:08 1588066                    /lib/x86_64-linux-gnu/libnss_nis-2.19.so
7f62c4585000-7f62c4586000 rw-p 0000b000 08:08 1588066                    /lib/x86_64-linux-gnu/libnss_nis-2.19.so
7f62c4586000-7f62c459d000 r-xp 00000000 08:08 1588055                    /lib/x86_64-linux-gnu/libnsl-2.19.so
7f62c459d000-7f62c479c000 ---p 00017000 08:08 1588055                    /lib/x86_64-linux-gnu/libnsl-2.19.so
7f62c479c000-7f62c479d000 r--p 00016000 08:08 1588055                    /lib/x86_64-linux-gnu/libnsl-2.19.so
7f62c479d000-7f62c479e000 rw-p 00017000 08:08 1588055                    /lib/x86_64-linux-gnu/libnsl-2.19.so
7f62c479e000-7f62c47a0000 rw-p 00000000 00:00 0 
7f62c47a0000-7f62c47a9000 r-xp 00000000 08:08 1588054                    /lib/x86_64-linux-gnu/libnss_compat-2.19.so
7f62c47a9000-7f62c49a8000 ---p 00009000 08:08 1588054                    /lib/x86_64-linux-gnu/libnss_compat-2.19.so
7f62c49a8000-7f62c49a9000 r--p 00008000 08:08 1588054                    /lib/x86_64-linux-gnu/libnss_compat-2.19.so
7f62c49a9000-7f62c49aa000 rw-p 00009000 08:08 1588054                    /lib/x86_64-linux-gnu/libnss_compat-2.19.so
7f62c49aa000-7f62c49d5000 r-xp 00000000 08:08 1184346                    /usr/lib/jvm/java-7-openjdk-amd64/jre/lib/amd64/libjava.so
7f62c49d5000-7f62c4bd5000 ---p 0002b000 08:08 1184346                    /usr/lib/jvm/java-7-openjdk-amd64/jre/lib/amd64/libjava.so
7f62c4bd5000-7f62c4bd6000 r--p 0002b000 08:08 1184346                    /usr/lib/jvm/java-7-openjdk-amd64/jre/lib/amd64/libjava.so
7f62c4bd6000-7f62c4bd8000 rw-p 0002c000 08:08 1184346                    /usr/lib/jvm/java-7-openjdk-amd64/jre/lib/amd64/libjava.so
7f62c4bd8000-7f62c4be8000 r-xp 00000000 08:08 1184345                    /usr/lib/jvm/java-7-openjdk-amd64/jre/lib/amd64/libverify.so
7f62c4be8000-7f62c4de7000 ---p 00010000 08:08 1184345                    /usr/lib/jvm/java-7-openjdk-amd64/jre/lib/amd64/libverify.so
7f62c4de7000-7f62c4de9000 r--p 0000f000 08:08 1184345                    /usr/lib/jvm/java-7-openjdk-amd64/jre/lib/amd64/libverify.so
7f62c4de9000-7f62c4dea000 rw-p 00011000 08:08 1184345                    /usr/lib/jvm/java-7-openjdk-amd64/jre/lib/amd64/libverify.so
7f62c4dea000-7f62c4df1000 r-xp 00000000 08:08 1588063                    /lib/x86_64-linux-gnu/librt-2.19.so
7f62c4df1000-7f62c4ff0000 ---p 00007000 08:08 1588063                    /lib/x86_64-linux-gnu/librt-2.19.so
7f62c4ff0000-7f62c4ff1000 r--p 00006000 08:08 1588063                    /lib/x86_64-linux-gnu/librt-2.19.so
7f62c4ff1000-7f62c4ff2000 rw-p 00007000 08:08 1588063                    /lib/x86_64-linux-gnu/librt-2.19.so
7f62c4ff2000-7f62c5008000 r-xp 00000000 08:08 1581662                    /lib/x86_64-linux-gnu/libgcc_s.so.1
7f62c5008000-7f62c5207000 ---p 00016000 08:08 1581662                    /lib/x86_64-linux-gnu/libgcc_s.so.1
7f62c5207000-7f62c5208000 rw-p 00015000 08:08 1581662                    /lib/x86_64-linux-gnu/libgcc_s.so.1
7f62c5208000-7f62c530d000 r-xp 00000000 08:08 1588045                    /lib/x86_64-linux-gnu/libm-2.19.so
7f62c530d000-7f62c550c000 ---p 00105000 08:08 1588045                    /lib/x86_64-linux-gnu/libm-2.19.so
7f62c550c000-7f62c550d000 r--p 00104000 08:08 1588045                    /lib/x86_64-linux-gnu/libm-2.19.so
7f62c550d000-7f62c550e000 rw-p 00105000 08:08 1588045                    /lib/x86_64-linux-gnu/libm-2.19.so
7f62c550e000-7f62c55f4000 r-xp 00000000 08:08 1056040                    /usr/lib/x86_64-linux-gnu/libstdc++.so.6.0.19
7f62c55f4000-7f62c57f3000 ---p 000e6000 08:08 1056040                    /usr/lib/x86_64-linux-gnu/libstdc++.so.6.0.19
7f62c57f3000-7f62c57fb000 r--p 000e5000 08:08 1056040                    /usr/lib/x86_64-linux-gnu/libstdc++.so.6.0.19
7f62c57fb000-7f62c57fd000 rw-p 000ed000 08:08 1056040                    /usr/lib/x86_64-linux-gnu/libstdc++.so.6.0.19
7f62c57fd000-7f62c5812000 rw-p 00000000 00:00 0 
7f62c5812000-7f62c632a000 r-xp 00000000 08:08 1184350                    /usr/lib/jvm/java-7-openjdk-amd64/jre/lib/amd64/server/libjvm.so
7f62c632a000-7f62c652a000 ---p 00b18000 08:08 1184350                    /usr/lib/jvm/java-7-openjdk-amd64/jre/lib/amd64/server/libjvm.so
7f62c652a000-7f62c65c4000 r--p 00b18000 08:08 1184350                    /usr/lib/jvm/java-7-openjdk-amd64/jre/lib/amd64/server/libjvm.so
7f62c65c4000-7f62c65e7000 rw-p 00bb2000 08:08 1184350                    /usr/lib/jvm/java-7-openjdk-amd64/jre/lib/amd64/server/libjvm.so
7f62c65e7000-7f62c6615000 rw-p 00000000 00:00 0 
7f62c6615000-7f62c662d000 r-xp 00000000 08:08 1577087                    /lib/x86_64-linux-gnu/libz.so.1.2.8
7f62c662d000-7f62c682c000 ---p 00018000 08:08 1577087                    /lib/x86_64-linux-gnu/libz.so.1.2.8
7f62c682c000-7f62c682d000 r--p 00017000 08:08 1577087                    /lib/x86_64-linux-gnu/libz.so.1.2.8
7f62c682d000-7f62c682e000 rw-p 00018000 08:08 1577087                    /lib/x86_64-linux-gnu/libz.so.1.2.8
7f62c682e000-7f62c6847000 r-xp 00000000 08:08 1588061                    /lib/x86_64-linux-gnu/libpthread-2.19.so
7f62c6847000-7f62c6a46000 ---p 00019000 08:08 1588061                    /lib/x86_64-linux-gnu/libpthread-2.19.so
7f62c6a46000-7f62c6a47000 r--p 00018000 08:08 1588061                    /lib/x86_64-linux-gnu/libpthread-2.19.so
7f62c6a47000-7f62c6a48000 rw-p 00019000 08:08 1588061                    /lib/x86_64-linux-gnu/libpthread-2.19.so
7f62c6a48000-7f62c6a4c000 rw-p 00000000 00:00 0 
7f62c6a4c000-7f62c6a4f000 r-xp 00000000 08:08 1588049                    /lib/x86_64-linux-gnu/libdl-2.19.so
7f62c6a4f000-7f62c6c4e000 ---p 00003000 08:08 1588049                    /lib/x86_64-linux-gnu/libdl-2.19.so
7f62c6c4e000-7f62c6c4f000 r--p 00002000 08:08 1588049                    /lib/x86_64-linux-gnu/libdl-2.19.so
7f62c6c4f000-7f62c6c50000 rw-p 00003000 08:08 1588049                    /lib/x86_64-linux-gnu/libdl-2.19.so
7f62c6c50000-7f62c6e0b000 r-xp 00000000 08:08 1588060                    /lib/x86_64-linux-gnu/libc-2.19.so
7f62c6e0b000-7f62c700a000 ---p 001bb000 08:08 1588060                    /lib/x86_64-linux-gnu/libc-2.19.so
7f62c700a000-7f62c700e000 r--p 001ba000 08:08 1588060                    /lib/x86_64-linux-gnu/libc-2.19.so
7f62c700e000-7f62c7010000 rw-p 001be000 08:08 1588060                    /lib/x86_64-linux-gnu/libc-2.19.so
7f62c7010000-7f62c7015000 rw-p 00000000 00:00 0 
7f62c7015000-7f62c7022000 r-xp 00000000 08:08 1184329                    /usr/lib/jvm/java-7-openjdk-amd64/jre/lib/amd64/jli/libjli.so
7f62c7022000-7f62c7221000 ---p 0000d000 08:08 1184329                    /usr/lib/jvm/java-7-openjdk-amd64/jre/lib/amd64/jli/libjli.so
7f62c7221000-7f62c7222000 r--p 0000c000 08:08 1184329                    /usr/lib/jvm/java-7-openjdk-amd64/jre/lib/amd64/jli/libjli.so
7f62c7222000-7f62c7223000 rw-p 0000d000 08:08 1184329                    /usr/lib/jvm/java-7-openjdk-amd64/jre/lib/amd64/jli/libjli.so
7f62c7223000-7f62c7246000 r-xp 00000000 08:08 1588057                    /lib/x86_64-linux-gnu/ld-2.19.so
7f62c7247000-7f62c7248000 rw-p 00000000 00:00 0 
7f62c7248000-7f62c724c000 r--s 0003c000 08:08 1184314                    /usr/lib/jvm/java-7-openjdk-amd64/jre/lib/ext/sunpkcs11.jar
7f62c724c000-7f62c724f000 r--s 0000f000 08:08 1184313                    /usr/lib/jvm/java-7-openjdk-amd64/jre/lib/ext/icedtea-sound.jar
7f62c724f000-7f62c725d000 rw-p 00000000 00:00 0 
7f62c725d000-7f62c730f000 rw-p 00000000 00:00 0 
7f62c730f000-7f62c7312000 ---p 00000000 00:00 0 
7f62c7312000-7f62c7415000 rw-p 00000000 00:00 0                          [stack:26887]
7f62c7415000-7f62c7417000 r--s 00012000 08:08 1184316                    /usr/lib/jvm/java-7-openjdk-amd64/jre/lib/ext/zipfs.jar
7f62c7417000-7f62c7418000 r--s 00002000 08:08 1184317                    /usr/lib/jvm/java-7-openjdk-amd64/jre/lib/ext/dnsns.jar
7f62c7418000-7f62c741b000 r--s 00086000 08:08 1184318                    /usr/lib/jvm/java-7-openjdk-amd64/jre/lib/ext/localedata.jar
7f62c741b000-7f62c741d000 r--s 00006000 08:08 1323295                    /usr/share/java/java-atk-wrapper.jar
7f62c741d000-7f62c7421000 r--s 00034000 08:08 1184315                    /usr/lib/jvm/java-7-openjdk-amd64/jre/lib/ext/sunjce_provider.jar
7f62c7421000-7f62c7439000 rw-p 00000000 00:00 0 
7f62c7439000-7f62c7441000 rw-s 00000000 08:08 5265341                    /tmp/hsperfdata_srivatsan/26881
7f62c7441000-7f62c7442000 rw-p 00000000 00:00 0 
7f62c7442000-7f62c7443000 ---p 00000000 00:00 0 
7f62c7443000-7f62c7445000 rw-p 00000000 00:00 0 
7f62c7445000-7f62c7446000 r--p 00022000 08:08 1588057                    /lib/x86_64-linux-gnu/ld-2.19.so
7f62c7446000-7f62c7447000 rw-p 00023000 08:08 1588057                    /lib/x86_64-linux-gnu/ld-2.19.so
7f62c7447000-7f62c7448000 rw-p 00000000 00:00 0 
7fff0e75a000-7fff0e77c000 rw-p 00000000 00:00 0                          [stack]
7fff0e78b000-7fff0e78d000 r-xp 00000000 00:00 0                          [vdso]
ffffffffff600000-ffffffffff601000 r-xp 00000000 00:00 0                  [vsyscall]

VM Arguments:
jvm_args: -Xmx1024M -Dfile.encoding=UTF-8 -Duser.country=IN -Duser.language=en -Duser.variant 
java_command: com.android.dx.command.Main --dex --output /home/srivatsan/Desktop/octo-ninja/app/build/intermediates/dex/debug /home/srivatsan/Desktop/octo-ninja/app/build/intermediates/classes/debug /home/srivatsan/Desktop/octo-ninja/app/build/intermediates/pre-dexed/debug/support-annotations-22.0.0-947e85bf50149692344947c8d7f2993a8558d6e4.jar /home/srivatsan/Desktop/octo-ninja/app/build/intermediates/pre-dexed/debug/classes-9fa38f4ae0b665a32320e329be873ccb6bfc657d.jar /home/srivatsan/Desktop/octo-ninja/app/build/intermediates/pre-dexed/debug/classes-a687b2080da33a48f2a9d0d80a37a57c4fa2ba4b.jar /home/srivatsan/Desktop/octo-ninja/app/build/intermediates/pre-dexed/debug/android-support-v13-02b33d49f45ea4ed6429c9ff8f633824b2d742ce.jar /home/srivatsan/Desktop/octo-ninja/app/build/intermediates/pre-dexed/debug/classes-4644e15a5bf630f207c530013b52f3cfcf5ac611.jar /home/srivatsan/Desktop/octo-ninja/app/build/intermediates/pre-dexed/debug/classes-014e6f30527b8b7ffbf5079628bbf04f73d6e4d4.jar /home/srivatsan/Desktop/octo-ninja/app/build/intermediates/pre-dexed/debug/classes-90de925d19fca443fd7d1a3bed4adadb2e59695f.jar /home/srivatsan/Desktop/octo-ninja/app/build/intermediates/pre-dexed/debug/bolts-android-1.1.2-442dc401975f038fb2385cee982757a9be9d3619.jar /home/srivatsan/Desktop/octo-ninja/app/build/intermediates/pre-dexed/debug/jaalee-beacon-android-sdk-master_2.5.3-e7339041c46cacaf565d0d4d3a74061d365ad7ef.jar /home/srivatsan/Desktop/octo-ninja/app/build/intermediates/pre-dexed/debug/library-2.4.0-49aaccde0a2d8517a6035908810cbc767bbcbe9f.jar /home/srivatsan/Desktop/octo-ninja/app/build/intermediates/pre-dexed/debug/internal_impl-21.0.3-bd4fca8edcf029556d76beff5ee7077352cb4fb1.jar /home/srivatsan/Desktop/octo-ninja/app/build/intermediates/pre-dexed/debug/gson-2.3-dc209cb00a4cb505052834c70b068dc78d50b184.jar /home/srivatsan/Desktop/octo-ninja/app/build/intermediates/pre-dexed/debug/ion-2.1.6-425bba4e76d93006ee38cb1061137988546046c3.jar /home/srivatsan/Desktop/octo-ninja/app/
Launcher Type: SUN_STANDARD

Environment Variables:
PATH=/usr/local/sbin:/usr/local/bin:/usr/sbin:/usr/bin:/sbin:/bin:/usr/games:/usr/local/games
LD_LIBRARY_PATH=.:
SHELL=/bin/bash
DISPLAY=:0.0

Signal Handlers:
SIGSEGV: [libjvm.so+0x94b4b0], sa_mask[0]=0x7ffbfeff, sa_flags=0x10000004
SIGBUS: [libjvm.so+0x94b4b0], sa_mask[0]=0x7ffbfeff, sa_flags=0x10000004
SIGFPE: [libjvm.so+0x7c3390], sa_mask[0]=0x7ffbfeff, sa_flags=0x10000004
SIGPIPE: [libjvm.so+0x7c3390], sa_mask[0]=0x7ffbfeff, sa_flags=0x10000004
SIGXFSZ: [libjvm.so+0x7c3390], sa_mask[0]=0x7ffbfeff, sa_flags=0x10000004
SIGILL: [libjvm.so+0x7c3390], sa_mask[0]=0x7ffbfeff, sa_flags=0x10000004
SIGUSR1: SIG_DFL, sa_mask[0]=0x00000000, sa_flags=0x00000000
SIGUSR2: [libjvm.so+0x7c3230], sa_mask[0]=0x00000004, sa_flags=0x10000004
SIGHUP: [libjvm.so+0x7c3410], sa_mask[0]=0x7ffbfeff, sa_flags=0x10000004
SIGINT: [libjvm.so+0x7c3410], sa_mask[0]=0x7ffbfeff, sa_flags=0x10000004
SIGTERM: [libjvm.so+0x7c3410], sa_mask[0]=0x7ffbfeff, sa_flags=0x10000004
SIGQUIT: [libjvm.so+0x7c3410], sa_mask[0]=0x7ffbfeff, sa_flags=0x10000004
SIGTRAP: SIG_DFL, sa_mask[0]=0x00000000, sa_flags=0x00000000


---------------  S Y S T E M  ---------------

OS:Ubuntu 14.04 (trusty)
uname:Linux 3.13.0-46-generic #77-Ubuntu SMP Mon Mar 2 18:23:39 UTC 2015 x86_64
libc:glibc 2.19 NPTL 2.19 
rlimit: STACK 8192k, CORE 0k, NPROC 30141, NOFILE 4096, AS infinity
load average:15.23 4.64 2.71

/proc/meminfo:
MemTotal:        3946560 kB
MemFree:          110748 kB
Buffers:             796 kB
Cached:           103108 kB
SwapCached:        25588 kB
Active:          2674432 kB
Inactive:         943268 kB
Active(anon):    2672176 kB
Inactive(anon):   901928 kB
Active(file):       2256 kB
Inactive(file):    41340 kB
Unevictable:          48 kB
Mlocked:              48 kB
SwapTotal:       1855484 kB
SwapFree:             68 kB
Dirty:               108 kB
Writeback:             0 kB
AnonPages:       3489608 kB
Mapped:            15544 kB
Shmem:             60004 kB
Slab:              87528 kB
SReclaimable:      40792 kB
SUnreclaim:        46736 kB
KernelStack:        6472 kB
PageTables:        61708 kB
NFS_Unstable:          0 kB
Bounce:                0 kB
WritebackTmp:          0 kB
CommitLimit:     3828764 kB
Committed_AS:   10204892 kB
VmallocTotal:   34359738367 kB
VmallocUsed:      401312 kB
VmallocChunk:   34359328892 kB
HardwareCorrupted:     0 kB
AnonHugePages:    495616 kB
HugePages_Total:       0
HugePages_Free:        0
HugePages_Rsvd:        0
HugePages_Surp:        0
Hugepagesize:       2048 kB
DirectMap4k:      171512 kB
DirectMap2M:     3921920 kB
DirectMap1G:           0 kB


CPU:total 4 (2 cores per cpu, 2 threads per core) family 6 model 69 stepping 1, cmov, cx8, fxsr, mmx, sse, sse2, sse3, ssse3, sse4.1, sse4.2, popcnt, avx, avx2, aes, erms, ht, tsc, tscinvbit

/proc/cpuinfo:
processor	: 0
vendor_id	: GenuineIntel
cpu family	: 6
model		: 69
model name	: Intel(R) Core(TM) i5-4200U CPU @ 1.60GHz
stepping	: 1
microcode	: 0x10
cpu MHz		: 1600.000
cache size	: 3072 KB
physical id	: 0
siblings	: 4
core id		: 0
cpu cores	: 2
apicid		: 0
initial apicid	: 0
fpu		: yes
fpu_exception	: yes
cpuid level	: 13
wp		: yes
flags		: fpu vme de pse tsc msr pae mce cx8 apic sep mtrr pge mca cmov pat pse36 clflush dts acpi mmx fxsr sse sse2 ss ht tm pbe syscall nx pdpe1gb rdtscp lm constant_tsc arch_perfmon pebs bts rep_good nopl xtopology nonstop_tsc aperfmperf eagerfpu pni pclmulqdq dtes64 monitor ds_cpl vmx est tm2 ssse3 fma cx16 xtpr pdcm pcid sse4_1 sse4_2 movbe popcnt tsc_deadline_timer aes xsave avx f16c rdrand lahf_lm abm ida arat epb xsaveopt pln pts dtherm tpr_shadow vnmi flexpriority ept vpid fsgsbase tsc_adjust bmi1 avx2 smep bmi2 erms invpcid
bogomips	: 4589.51
clflush size	: 64
cache_alignment	: 64
address sizes	: 39 bits physical, 48 bits virtual
power management:

processor	: 1
vendor_id	: GenuineIntel
cpu family	: 6
model		: 69
model name	: Intel(R) Core(TM) i5-4200U CPU @ 1.60GHz
stepping	: 1
microcode	: 0x10
cpu MHz		: 759.000
cache size	: 3072 KB
physical id	: 0
siblings	: 4
core id		: 0
cpu cores	: 2
apicid		: 1
initial apicid	: 1
fpu		: yes
fpu_exception	: yes
cpuid level	: 13
wp		: yes
flags		: fpu vme de pse tsc msr pae mce cx8 apic sep mtrr pge mca cmov pat pse36 clflush dts acpi mmx fxsr sse sse2 ss ht tm pbe syscall nx pdpe1gb rdtscp lm constant_tsc arch_perfmon pebs bts rep_good nopl xtopology nonstop_tsc aperfmperf eagerfpu pni pclmulqdq dtes64 monitor ds_cpl vmx est tm2 ssse3 fma cx16 xtpr pdcm pcid sse4_1 sse4_2 movbe popcnt tsc_deadline_timer aes xsave avx f16c rdrand lahf_lm abm ida arat epb xsaveopt pln pts dtherm tpr_shadow vnmi flexpriority ept vpid fsgsbase tsc_adjust bmi1 avx2 smep bmi2 erms invpcid
bogomips	: 4589.51
clflush size	: 64
cache_alignment	: 64
address sizes	: 39 bits physical, 48 bits virtual
power management:

processor	: 2
vendor_id	: GenuineIntel
cpu family	: 6
model		: 69
model name	: Intel(R) Core(TM) i5-4200U CPU @ 1.60GHz
stepping	: 1
microcode	: 0x10
cpu MHz		: 1600.000
cache size	: 3072 KB
physical id	: 0
siblings	: 4
core id		: 1
cpu cores	: 2
apicid		: 2
initial apicid	: 2
fpu		: yes
fpu_exception	: yes
cpuid level	: 13
wp		: yes
flags		: fpu vme de pse tsc msr pae mce cx8 apic sep mtrr pge mca cmov pat pse36 clflush dts acpi mmx fxsr sse sse2 ss ht tm pbe syscall nx pdpe1gb rdtscp lm constant_tsc arch_perfmon pebs bts rep_good nopl xtopology nonstop_tsc aperfmperf eagerfpu pni pclmulqdq dtes64 monitor ds_cpl vmx est tm2 ssse3 fma cx16 xtpr pdcm pcid sse4_1 sse4_2 movbe popcnt tsc_deadline_timer aes xsave avx f16c rdrand lahf_lm abm ida arat epb xsaveopt pln pts dtherm tpr_shadow vnmi flexpriority ept vpid fsgsbase tsc_adjust bmi1 avx2 smep bmi2 erms invpcid
bogomips	: 4589.51
clflush size	: 64
cache_alignment	: 64
address sizes	: 39 bits physical, 48 bits virtual
power management:

processor	: 3
vendor_id	: GenuineIntel
cpu family	: 6
model		: 69
model name	: Intel(R) Core(TM) i5-4200U CPU @ 1.60GHz
stepping	: 1
microcode	: 0x10
cpu MHz		: 1600.000
cache size	: 3072 KB
physical id	: 0
siblings	: 4
core id		: 1
cpu cores	: 2
apicid		: 3
initial apicid	: 3
fpu		: yes
fpu_exception	: yes
cpuid level	: 13
wp		: yes
flags		: fpu vme de pse tsc msr pae mce cx8 apic sep mtrr pge mca cmov pat pse36 clflush dts acpi mmx fxsr sse sse2 ss ht tm pbe syscall nx pdpe1gb rdtscp lm constant_tsc arch_perfmon pebs bts rep_good nopl xtopology nonstop_tsc aperfmperf eagerfpu pni pclmulqdq dtes64 monitor ds_cpl vmx est tm2 ssse3 fma cx16 xtpr pdcm pcid sse4_1 sse4_2 movbe popcnt tsc_deadline_timer aes xsave avx f16c rdrand lahf_lm abm ida arat epb xsaveopt pln pts dtherm tpr_shadow vnmi flexpriority ept vpid fsgsbase tsc_adjust bmi1 avx2 smep bmi2 erms invpcid
bogomips	: 4589.51
clflush size	: 64
cache_alignment	: 64
address sizes	: 39 bits physical, 48 bits virtual
power management:



Memory: 4k page, physical 3946560k(110748k free), swap 1855484k(68k free)

vm_info: OpenJDK 64-Bit Server VM (24.75-b04) for linux-amd64 JRE (1.7.0_75-b13), built on Jan 27 2015 00:38:59 by "buildd" with gcc 4.8.2

time: Mon Jun 15 19:05:34 2015
elapsed time: 68 seconds

